<?xml version="1.0" encoding="UTF-8"?>
<!-- Generated by org.testng.reporters.JUnitReportReporter -->
<testsuite hostname="perennial-desktop" name="com.pere.OverviewTestNG.AppTest" tests="1" failures="0" timestamp="29 May 2018 14:44:23 GMT" time="0.025" errors="0">
  <testcase name="shouldAnswerWithTrue" time="0.025" classname="com.pere.OverviewTestNG.AppTest"/>
</testsuite> <!-- com.pere.OverviewTestNG.AppTest -->
